This file contains any messages produced by compilers while
running configure, to aid debugging if configure makes a mistake.

It was created by configure, which was
generated by GNU Autoconf 2.69.  Invocation command line was

  $ ./configure --disable-option-checking --prefix=/usr/local --cache-file=/dev/null --srcdir=.

## --------- ##
## Platform. ##
## --------- ##

hostname = TORINLINUX
uname -m = x86_64
uname -r = 4.5.1-1-ARCH
uname -s = Linux
uname -v = #1 SMP PREEMPT Thu Apr 14 19:19:32 CEST 2016

/usr/bin/uname -p = unknown
/bin/uname -X     = unknown

/bin/arch              = unknown
/usr/bin/arch -k       = unknown
/usr/convex/getsysinfo = unknown
/usr/bin/hostinfo      = unknown
/bin/machine           = unknown
/usr/bin/oslevel       = unknown
/bin/universe          = unknown

PATH: /usr/local/sbin
PATH: /usr/local/bin
PATH: /usr/bin
PATH: /usr/lib/jvm/default/bin
PATH: /usr/bin/site_perl
PATH: /usr/bin/vendor_perl
PATH: /usr/bin/core_perl
PATH: ~/scripts


## ----------- ##
## Core tests. ##
## ----------- ##

configure:2101: checking for gcc
configure:2117: found /usr/bin/gcc
configure:2128: result: gcc
configure:2357: checking for C compiler version
configure:2366: gcc --version >&5
gcc (GCC) 5.3.0
Copyright (C) 2015 Free Software Foundation, Inc.
This is free software; see the source for copying conditions.  There is NO
warranty; not even for MERCHANTABILITY or FITNESS FOR A PARTICULAR PURPOSE.

configure:2377: $? = 0
configure:2366: gcc -v >&5
Using built-in specs.
COLLECT_GCC=gcc
COLLECT_LTO_WRAPPER=/usr/lib/gcc/x86_64-unknown-linux-gnu/5.3.0/lto-wrapper
Target: x86_64-unknown-linux-gnu
Configured with: /build/gcc/src/gcc-5-20160209/configure --prefix=/usr --libdir=/usr/lib --libexecdir=/usr/lib --mandir=/usr/share/man --infodir=/usr/share/info --with-bugurl=https://bugs.archlinux.org/ --enable-languages=c,c++,ada,fortran,go,lto,objc,obj-c++ --enable-shared --enable-threads=posix --enable-libmpx --with-system-zlib --with-isl --enable-__cxa_atexit --disable-libunwind-exceptions --enable-clocale=gnu --disable-libstdcxx-pch --disable-libssp --enable-gnu-unique-object --enable-linker-build-id --enable-lto --enable-plugin --enable-install-libiberty --with-linker-hash-style=gnu --enable-gnu-indirect-function --disable-multilib --disable-werror --enable-checking=release
Thread model: posix
gcc version 5.3.0 (GCC) 
configure:2377: $? = 0
configure:2366: gcc -V >&5
gcc: error: unrecognized command line option '-V'
gcc: fatal error: no input files
compilation terminated.
configure:2377: $? = 1
configure:2366: gcc -qversion >&5
gcc: error: unrecognized command line option '-qversion'
gcc: fatal error: no input files
compilation terminated.
configure:2377: $? = 1
configure:2397: checking whether the C compiler works
configure:2419: gcc    conftest.c  >&5
configure:2423: $? = 0
configure:2471: result: yes
configure:2474: checking for C compiler default output file name
configure:2476: result: a.out
configure:2482: checking for suffix of executables
configure:2489: gcc -o conftest    conftest.c  >&5
configure:2493: $? = 0
configure:2515: result: 
configure:2537: checking whether we are cross compiling
configure:2545: gcc -o conftest    conftest.c  >&5
configure:2549: $? = 0
configure:2556: ./conftest
configure:2560: $? = 0
configure:2575: result: no
configure:2580: checking for suffix of object files
configure:2602: gcc -c   conftest.c >&5
configure:2606: $? = 0
configure:2627: result: o
configure:2631: checking whether we are using the GNU C compiler
configure:2650: gcc -c   conftest.c >&5
configure:2650: $? = 0
configure:2659: result: yes
configure:2668: checking whether gcc accepts -g
configure:2688: gcc -c -g  conftest.c >&5
configure:2688: $? = 0
configure:2729: result: yes
configure:2746: checking for gcc option to accept ISO C89
configure:2809: gcc  -c -g -O2  conftest.c >&5
configure:2809: $? = 0
configure:2822: result: none needed
configure:2848: checking how to run the C preprocessor
configure:2879: gcc -E  conftest.c
configure:2879: $? = 0
configure:2893: gcc -E  conftest.c
conftest.c:9:28: fatal error: ac_nonexistent.h: No such file or directory
compilation terminated.
configure:2893: $? = 1
configure: failed program was:
| /* confdefs.h */
| #define PACKAGE_NAME ""
| #define PACKAGE_TARNAME ""
| #define PACKAGE_VERSION ""
| #define PACKAGE_STRING ""
| #define PACKAGE_BUGREPORT ""
| #define PACKAGE_URL ""
| /* end confdefs.h.  */
| #include <ac_nonexistent.h>
configure:2918: result: gcc -E
configure:2938: gcc -E  conftest.c
configure:2938: $? = 0
configure:2952: gcc -E  conftest.c
conftest.c:9:28: fatal error: ac_nonexistent.h: No such file or directory
compilation terminated.
configure:2952: $? = 1
configure: failed program was:
| /* confdefs.h */
| #define PACKAGE_NAME ""
| #define PACKAGE_TARNAME ""
| #define PACKAGE_VERSION ""
| #define PACKAGE_STRING ""
| #define PACKAGE_BUGREPORT ""
| #define PACKAGE_URL ""
| /* end confdefs.h.  */
| #include <ac_nonexistent.h>
configure:2981: checking for grep that handles long lines and -e
configure:3039: result: /usr/bin/grep
configure:3044: checking for egrep
configure:3106: result: /usr/bin/grep -E
configure:3111: checking for ANSI C header files
configure:3131: gcc -c -g -O2  conftest.c >&5
configure:3131: $? = 0
configure:3204: gcc -o conftest -g -O2   conftest.c  >&5
configure:3204: $? = 0
configure:3204: ./conftest
configure:3204: $? = 0
configure:3215: result: yes
configure:3228: checking for sys/types.h
configure:3228: gcc -c -g -O2  conftest.c >&5
configure:3228: $? = 0
configure:3228: result: yes
configure:3228: checking for sys/stat.h
configure:3228: gcc -c -g -O2  conftest.c >&5
configure:3228: $? = 0
configure:3228: result: yes
configure:3228: checking for stdlib.h
configure:3228: gcc -c -g -O2  conftest.c >&5
configure:3228: $? = 0
configure:3228: result: yes
configure:3228: checking for string.h
configure:3228: gcc -c -g -O2  conftest.c >&5
configure:3228: $? = 0
configure:3228: result: yes
configure:3228: checking for memory.h
configure:3228: gcc -c -g -O2  conftest.c >&5
configure:3228: $? = 0
configure:3228: result: yes
configure:3228: checking for strings.h
configure:3228: gcc -c -g -O2  conftest.c >&5
configure:3228: $? = 0
configure:3228: result: yes
configure:3228: checking for inttypes.h
configure:3228: gcc -c -g -O2  conftest.c >&5
configure:3228: $? = 0
configure:3228: result: yes
configure:3228: checking for stdint.h
configure:3228: gcc -c -g -O2  conftest.c >&5
configure:3228: $? = 0
configure:3228: result: yes
configure:3228: checking for unistd.h
configure:3228: gcc -c -g -O2  conftest.c >&5
configure:3228: $? = 0
configure:3228: result: yes
configure:3240: checking whether byte ordering is bigendian
configure:3255: gcc -c -g -O2  conftest.c >&5
conftest.c:20:9: error: unknown type name 'not'
         not a universal capable compiler
         ^
conftest.c:20:15: error: expected '=', ',', ';', 'asm' or '__attribute__' before 'universal'
         not a universal capable compiler
               ^
conftest.c:20:15: error: unknown type name 'universal'
configure:3255: $? = 1
configure: failed program was:
| /* confdefs.h */
| #define PACKAGE_NAME ""
| #define PACKAGE_TARNAME ""
| #define PACKAGE_VERSION ""
| #define PACKAGE_STRING ""
| #define PACKAGE_BUGREPORT ""
| #define PACKAGE_URL ""
| #define STDC_HEADERS 1
| #define HAVE_SYS_TYPES_H 1
| #define HAVE_SYS_STAT_H 1
| #define HAVE_STDLIB_H 1
| #define HAVE_STRING_H 1
| #define HAVE_MEMORY_H 1
| #define HAVE_STRINGS_H 1
| #define HAVE_INTTYPES_H 1
| #define HAVE_STDINT_H 1
| #define HAVE_UNISTD_H 1
| /* end confdefs.h.  */
| #ifndef __APPLE_CC__
| 	       not a universal capable compiler
| 	     #endif
| 	     typedef int dummy;
| 
configure:3300: gcc -c -g -O2  conftest.c >&5
configure:3300: $? = 0
configure:3318: gcc -c -g -O2  conftest.c >&5
conftest.c: In function 'main':
conftest.c:26:4: error: unknown type name 'not'
    not big endian
    ^
conftest.c:26:12: error: expected '=', ',', ';', 'asm' or '__attribute__' before 'endian'
    not big endian
            ^
configure:3318: $? = 1
configure: failed program was:
| /* confdefs.h */
| #define PACKAGE_NAME ""
| #define PACKAGE_TARNAME ""
| #define PACKAGE_VERSION ""
| #define PACKAGE_STRING ""
| #define PACKAGE_BUGREPORT ""
| #define PACKAGE_URL ""
| #define STDC_HEADERS 1
| #define HAVE_SYS_TYPES_H 1
| #define HAVE_SYS_STAT_H 1
| #define HAVE_STDLIB_H 1
| #define HAVE_STRING_H 1
| #define HAVE_MEMORY_H 1
| #define HAVE_STRINGS_H 1
| #define HAVE_INTTYPES_H 1
| #define HAVE_STDINT_H 1
| #define HAVE_UNISTD_H 1
| /* end confdefs.h.  */
| #include <sys/types.h>
| 		#include <sys/param.h>
| 
| int
| main ()
| {
| #if BYTE_ORDER != BIG_ENDIAN
| 		 not big endian
| 		#endif
| 
|   ;
|   return 0;
| }
configure:3446: result: no
configure:3465: checking whether gcc needs -traditional
configure:3499: result: no
configure:3549: checking for a BSD-compatible install
configure:3617: result: /usr/bin/install -c
configure:3671: checking for ranlib
configure:3687: found /usr/bin/ranlib
configure:3698: result: ranlib
configure:3763: checking for ar
configure:3779: found /usr/bin/ar
configure:3790: result: ar
configure:3817: checking alloca.h usability
configure:3817: gcc -c -g -O2  conftest.c >&5
configure:3817: $? = 0
configure:3817: result: yes
configure:3817: checking alloca.h presence
configure:3817: gcc -E  conftest.c
configure:3817: $? = 0
configure:3817: result: yes
configure:3817: checking for alloca.h
configure:3817: result: yes
configure:3817: checking elf.h usability
configure:3817: gcc -c -g -O2  conftest.c >&5
configure:3817: $? = 0
configure:3817: result: yes
configure:3817: checking elf.h presence
configure:3817: gcc -E  conftest.c
configure:3817: $? = 0
configure:3817: result: yes
configure:3817: checking for elf.h
configure:3817: result: yes
configure:3817: checking elfaccess.h usability
configure:3817: gcc -c -g -O2  conftest.c >&5
conftest.c:54:23: fatal error: elfaccess.h: No such file or directory
compilation terminated.
configure:3817: $? = 1
configure: failed program was:
| /* confdefs.h */
| #define PACKAGE_NAME ""
| #define PACKAGE_TARNAME ""
| #define PACKAGE_VERSION ""
| #define PACKAGE_STRING ""
| #define PACKAGE_BUGREPORT ""
| #define PACKAGE_URL ""
| #define STDC_HEADERS 1
| #define HAVE_SYS_TYPES_H 1
| #define HAVE_SYS_STAT_H 1
| #define HAVE_STDLIB_H 1
| #define HAVE_STRING_H 1
| #define HAVE_MEMORY_H 1
| #define HAVE_STRINGS_H 1
| #define HAVE_INTTYPES_H 1
| #define HAVE_STDINT_H 1
| #define HAVE_UNISTD_H 1
| #define HAVE_ALLOCA_H 1
| #define HAVE_ELF_H 1
| /* end confdefs.h.  */
| #include <stdio.h>
| #ifdef HAVE_SYS_TYPES_H
| # include <sys/types.h>
| #endif
| #ifdef HAVE_SYS_STAT_H
| # include <sys/stat.h>
| #endif
| #ifdef STDC_HEADERS
| # include <stdlib.h>
| # include <stddef.h>
| #else
| # ifdef HAVE_STDLIB_H
| #  include <stdlib.h>
| # endif
| #endif
| #ifdef HAVE_STRING_H
| # if !defined STDC_HEADERS && defined HAVE_MEMORY_H
| #  include <memory.h>
| # endif
| # include <string.h>
| #endif
| #ifdef HAVE_STRINGS_H
| # include <strings.h>
| #endif
| #ifdef HAVE_INTTYPES_H
| # include <inttypes.h>
| #endif
| #ifdef HAVE_STDINT_H
| # include <stdint.h>
| #endif
| #ifdef HAVE_UNISTD_H
| # include <unistd.h>
| #endif
| #include <elfaccess.h>
configure:3817: result: no
configure:3817: checking elfaccess.h presence
configure:3817: gcc -E  conftest.c
conftest.c:21:23: fatal error: elfaccess.h: No such file or directory
compilation terminated.
configure:3817: $? = 1
configure: failed program was:
| /* confdefs.h */
| #define PACKAGE_NAME ""
| #define PACKAGE_TARNAME ""
| #define PACKAGE_VERSION ""
| #define PACKAGE_STRING ""
| #define PACKAGE_BUGREPORT ""
| #define PACKAGE_URL ""
| #define STDC_HEADERS 1
| #define HAVE_SYS_TYPES_H 1
| #define HAVE_SYS_STAT_H 1
| #define HAVE_STDLIB_H 1
| #define HAVE_STRING_H 1
| #define HAVE_MEMORY_H 1
| #define HAVE_STRINGS_H 1
| #define HAVE_INTTYPES_H 1
| #define HAVE_STDINT_H 1
| #define HAVE_UNISTD_H 1
| #define HAVE_ALLOCA_H 1
| #define HAVE_ELF_H 1
| /* end confdefs.h.  */
| #include <elfaccess.h>
configure:3817: result: no
configure:3817: checking for elfaccess.h
configure:3817: result: no
configure:3817: checking libelf.h usability
configure:3817: gcc -c -g -O2  conftest.c >&5
configure:3817: $? = 0
configure:3817: result: yes
configure:3817: checking libelf.h presence
configure:3817: gcc -E  conftest.c
configure:3817: $? = 0
configure:3817: result: yes
configure:3817: checking for libelf.h
configure:3817: result: yes
configure:3817: checking libelf/libelf.h usability
configure:3817: gcc -c -g -O2  conftest.c >&5
conftest.c:55:27: fatal error: libelf/libelf.h: No such file or directory
compilation terminated.
configure:3817: $? = 1
configure: failed program was:
| /* confdefs.h */
| #define PACKAGE_NAME ""
| #define PACKAGE_TARNAME ""
| #define PACKAGE_VERSION ""
| #define PACKAGE_STRING ""
| #define PACKAGE_BUGREPORT ""
| #define PACKAGE_URL ""
| #define STDC_HEADERS 1
| #define HAVE_SYS_TYPES_H 1
| #define HAVE_SYS_STAT_H 1
| #define HAVE_STDLIB_H 1
| #define HAVE_STRING_H 1
| #define HAVE_MEMORY_H 1
| #define HAVE_STRINGS_H 1
| #define HAVE_INTTYPES_H 1
| #define HAVE_STDINT_H 1
| #define HAVE_UNISTD_H 1
| #define HAVE_ALLOCA_H 1
| #define HAVE_ELF_H 1
| #define HAVE_LIBELF_H 1
| /* end confdefs.h.  */
| #include <stdio.h>
| #ifdef HAVE_SYS_TYPES_H
| # include <sys/types.h>
| #endif
| #ifdef HAVE_SYS_STAT_H
| # include <sys/stat.h>
| #endif
| #ifdef STDC_HEADERS
| # include <stdlib.h>
| # include <stddef.h>
| #else
| # ifdef HAVE_STDLIB_H
| #  include <stdlib.h>
| # endif
| #endif
| #ifdef HAVE_STRING_H
| # if !defined STDC_HEADERS && defined HAVE_MEMORY_H
| #  include <memory.h>
| # endif
| # include <string.h>
| #endif
| #ifdef HAVE_STRINGS_H
| # include <strings.h>
| #endif
| #ifdef HAVE_INTTYPES_H
| # include <inttypes.h>
| #endif
| #ifdef HAVE_STDINT_H
| # include <stdint.h>
| #endif
| #ifdef HAVE_UNISTD_H
| # include <unistd.h>
| #endif
| #include <libelf/libelf.h>
configure:3817: result: no
configure:3817: checking libelf/libelf.h presence
configure:3817: gcc -E  conftest.c
conftest.c:22:27: fatal error: libelf/libelf.h: No such file or directory
compilation terminated.
configure:3817: $? = 1
configure: failed program was:
| /* confdefs.h */
| #define PACKAGE_NAME ""
| #define PACKAGE_TARNAME ""
| #define PACKAGE_VERSION ""
| #define PACKAGE_STRING ""
| #define PACKAGE_BUGREPORT ""
| #define PACKAGE_URL ""
| #define STDC_HEADERS 1
| #define HAVE_SYS_TYPES_H 1
| #define HAVE_SYS_STAT_H 1
| #define HAVE_STDLIB_H 1
| #define HAVE_STRING_H 1
| #define HAVE_MEMORY_H 1
| #define HAVE_STRINGS_H 1
| #define HAVE_INTTYPES_H 1
| #define HAVE_STDINT_H 1
| #define HAVE_UNISTD_H 1
| #define HAVE_ALLOCA_H 1
| #define HAVE_ELF_H 1
| #define HAVE_LIBELF_H 1
| /* end confdefs.h.  */
| #include <libelf/libelf.h>
configure:3817: result: no
configure:3817: checking for libelf/libelf.h
configure:3817: result: no
configure:3817: checking for sys/types.h
configure:3817: result: yes
configure:3817: checking sys/ia64/elf.h usability
configure:3817: gcc -c -g -O2  conftest.c >&5
conftest.c:56:26: fatal error: sys/ia64/elf.h: No such file or directory
compilation terminated.
configure:3817: $? = 1
configure: failed program was:
| /* confdefs.h */
| #define PACKAGE_NAME ""
| #define PACKAGE_TARNAME ""
| #define PACKAGE_VERSION ""
| #define PACKAGE_STRING ""
| #define PACKAGE_BUGREPORT ""
| #define PACKAGE_URL ""
| #define STDC_HEADERS 1
| #define HAVE_SYS_TYPES_H 1
| #define HAVE_SYS_STAT_H 1
| #define HAVE_STDLIB_H 1
| #define HAVE_STRING_H 1
| #define HAVE_MEMORY_H 1
| #define HAVE_STRINGS_H 1
| #define HAVE_INTTYPES_H 1
| #define HAVE_STDINT_H 1
| #define HAVE_UNISTD_H 1
| #define HAVE_ALLOCA_H 1
| #define HAVE_ELF_H 1
| #define HAVE_LIBELF_H 1
| #define HAVE_SYS_TYPES_H 1
| /* end confdefs.h.  */
| #include <stdio.h>
| #ifdef HAVE_SYS_TYPES_H
| # include <sys/types.h>
| #endif
| #ifdef HAVE_SYS_STAT_H
| # include <sys/stat.h>
| #endif
| #ifdef STDC_HEADERS
| # include <stdlib.h>
| # include <stddef.h>
| #else
| # ifdef HAVE_STDLIB_H
| #  include <stdlib.h>
| # endif
| #endif
| #ifdef HAVE_STRING_H
| # if !defined STDC_HEADERS && defined HAVE_MEMORY_H
| #  include <memory.h>
| # endif
| # include <string.h>
| #endif
| #ifdef HAVE_STRINGS_H
| # include <strings.h>
| #endif
| #ifdef HAVE_INTTYPES_H
| # include <inttypes.h>
| #endif
| #ifdef HAVE_STDINT_H
| # include <stdint.h>
| #endif
| #ifdef HAVE_UNISTD_H
| # include <unistd.h>
| #endif
| #include <sys/ia64/elf.h>
configure:3817: result: no
configure:3817: checking sys/ia64/elf.h presence
configure:3817: gcc -E  conftest.c
conftest.c:23:26: fatal error: sys/ia64/elf.h: No such file or directory
compilation terminated.
configure:3817: $? = 1
configure: failed program was:
| /* confdefs.h */
| #define PACKAGE_NAME ""
| #define PACKAGE_TARNAME ""
| #define PACKAGE_VERSION ""
| #define PACKAGE_STRING ""
| #define PACKAGE_BUGREPORT ""
| #define PACKAGE_URL ""
| #define STDC_HEADERS 1
| #define HAVE_SYS_TYPES_H 1
| #define HAVE_SYS_STAT_H 1
| #define HAVE_STDLIB_H 1
| #define HAVE_STRING_H 1
| #define HAVE_MEMORY_H 1
| #define HAVE_STRINGS_H 1
| #define HAVE_INTTYPES_H 1
| #define HAVE_STDINT_H 1
| #define HAVE_UNISTD_H 1
| #define HAVE_ALLOCA_H 1
| #define HAVE_ELF_H 1
| #define HAVE_LIBELF_H 1
| #define HAVE_SYS_TYPES_H 1
| /* end confdefs.h.  */
| #include <sys/ia64/elf.h>
configure:3817: result: no
configure:3817: checking for sys/ia64/elf.h
configure:3817: result: no
configure:3831: checking for elf64_getehdr in -lelf
configure:3856: gcc -o conftest -g -O2   conftest.c -lelf   >&5
configure:3856: $? = 0
configure:3865: result: yes
configure:3873: checking for elf64_getshdr in -lelf
configure:3898: gcc -o conftest -g -O2   conftest.c -lelf   >&5
configure:3898: $? = 0
configure:3907: result: yes
configure:3926: gcc -c -g -O2  conftest.c >&5
conftest.c: In function 'main':
conftest.c:29:1: error: unknown type name '__uint32_t'
 __uint32_t p; p = 3;
 ^
configure:3926: $? = 1
configure: failed program was:
| /* confdefs.h */
| #define PACKAGE_NAME ""
| #define PACKAGE_TARNAME ""
| #define PACKAGE_VERSION ""
| #define PACKAGE_STRING ""
| #define PACKAGE_BUGREPORT ""
| #define PACKAGE_URL ""
| #define STDC_HEADERS 1
| #define HAVE_SYS_TYPES_H 1
| #define HAVE_SYS_STAT_H 1
| #define HAVE_STDLIB_H 1
| #define HAVE_STRING_H 1
| #define HAVE_MEMORY_H 1
| #define HAVE_STRINGS_H 1
| #define HAVE_INTTYPES_H 1
| #define HAVE_STDINT_H 1
| #define HAVE_UNISTD_H 1
| #define HAVE_ALLOCA_H 1
| #define HAVE_ELF_H 1
| #define HAVE_LIBELF_H 1
| #define HAVE_SYS_TYPES_H 1
| #define HAVE_ELF64_GETEHDR 1
| #define HAVE_ELF64_GETSHDR 1
| /* end confdefs.h.  */
| 
| int
| main ()
| {
| __uint32_t p; p = 3;
|   ;
|   return 0;
| }
configure:3943: gcc -c -g -O2  conftest.c >&5
conftest.c: In function 'main':
conftest.c:29:1: error: unknown type name '__uint64_t'
 __uint64_t p; p = 3;
 ^
configure:3943: $? = 1
configure: failed program was:
| /* confdefs.h */
| #define PACKAGE_NAME ""
| #define PACKAGE_TARNAME ""
| #define PACKAGE_VERSION ""
| #define PACKAGE_STRING ""
| #define PACKAGE_BUGREPORT ""
| #define PACKAGE_URL ""
| #define STDC_HEADERS 1
| #define HAVE_SYS_TYPES_H 1
| #define HAVE_SYS_STAT_H 1
| #define HAVE_STDLIB_H 1
| #define HAVE_STRING_H 1
| #define HAVE_MEMORY_H 1
| #define HAVE_STRINGS_H 1
| #define HAVE_INTTYPES_H 1
| #define HAVE_STDINT_H 1
| #define HAVE_UNISTD_H 1
| #define HAVE_ALLOCA_H 1
| #define HAVE_ELF_H 1
| #define HAVE_LIBELF_H 1
| #define HAVE_SYS_TYPES_H 1
| #define HAVE_ELF64_GETEHDR 1
| #define HAVE_ELF64_GETSHDR 1
| /* end confdefs.h.  */
| 
| int
| main ()
| {
| __uint64_t p; p = 3;
|   ;
|   return 0;
| }
configure:3960: gcc -c -g -O2  conftest.c >&5
configure:3960: $? = 0
configure:3977: gcc -c -g -O2  conftest.c >&5
configure:3977: $? = 0
configure:4005: gcc -c -g -O2  conftest.c >&5
configure:4005: $? = 0
configure:4027: gcc -c -g -O2  conftest.c >&5
conftest.c:28:27: fatal error: libelf/libelf.h: No such file or directory
compilation terminated.
configure:4027: $? = 1
configure: failed program was:
| /* confdefs.h */
| #define PACKAGE_NAME ""
| #define PACKAGE_TARNAME ""
| #define PACKAGE_VERSION ""
| #define PACKAGE_STRING ""
| #define PACKAGE_BUGREPORT ""
| #define PACKAGE_URL ""
| #define STDC_HEADERS 1
| #define HAVE_SYS_TYPES_H 1
| #define HAVE_SYS_STAT_H 1
| #define HAVE_STDLIB_H 1
| #define HAVE_STRING_H 1
| #define HAVE_MEMORY_H 1
| #define HAVE_STRINGS_H 1
| #define HAVE_INTTYPES_H 1
| #define HAVE_STDINT_H 1
| #define HAVE_UNISTD_H 1
| #define HAVE_ALLOCA_H 1
| #define HAVE_ELF_H 1
| #define HAVE_LIBELF_H 1
| #define HAVE_SYS_TYPES_H 1
| #define HAVE_ELF64_GETEHDR 1
| #define HAVE_ELF64_GETSHDR 1
| #define HAVE___UINT32_T_IN_SYS_TYPES_H 1
| #define HAVE___UINT64_T_IN_SYS_TYPES_H 1
| #define HAVE_ZLIB 1
| /* end confdefs.h.  */
| #include <libelf/libelf.h>
|   struct _Elf; typedef struct _Elf Elf;
| int
| main ()
| {
| struct _Elf *a = 0;
|   ;
|   return 0;
| }
configure:4046: gcc -c -g -O2  conftest.c >&5
conftest.c:29:36: error: conflicting types for 'Elf'
   struct _Elf; typedef struct _Elf Elf;
                                    ^
In file included from conftest.c:28:0:
/usr/include/libelf.h:190:20: note: previous declaration of 'Elf' was here
 typedef struct Elf Elf;
                    ^
configure:4046: $? = 1
configure: failed program was:
| /* confdefs.h */
| #define PACKAGE_NAME ""
| #define PACKAGE_TARNAME ""
| #define PACKAGE_VERSION ""
| #define PACKAGE_STRING ""
| #define PACKAGE_BUGREPORT ""
| #define PACKAGE_URL ""
| #define STDC_HEADERS 1
| #define HAVE_SYS_TYPES_H 1
| #define HAVE_SYS_STAT_H 1
| #define HAVE_STDLIB_H 1
| #define HAVE_STRING_H 1
| #define HAVE_MEMORY_H 1
| #define HAVE_STRINGS_H 1
| #define HAVE_INTTYPES_H 1
| #define HAVE_STDINT_H 1
| #define HAVE_UNISTD_H 1
| #define HAVE_ALLOCA_H 1
| #define HAVE_ELF_H 1
| #define HAVE_LIBELF_H 1
| #define HAVE_SYS_TYPES_H 1
| #define HAVE_ELF64_GETEHDR 1
| #define HAVE_ELF64_GETSHDR 1
| #define HAVE___UINT32_T_IN_SYS_TYPES_H 1
| #define HAVE___UINT64_T_IN_SYS_TYPES_H 1
| #define HAVE_ZLIB 1
| /* end confdefs.h.  */
| #include <libelf.h>
|   struct _Elf; typedef struct _Elf Elf;
| int
| main ()
| {
|  struct _Elf *a = 0;
|   ;
|   return 0;
| }
configure:4066: gcc -c -g -O2  conftest.c >&5
conftest.c: In function 'main':
conftest.c:32:14: error: 'R_IA_64_DIR32LSB' undeclared (first use in this function)
   int p; p = R_IA_64_DIR32LSB;
              ^
conftest.c:32:14: note: each undeclared identifier is reported only once for each function it appears in
configure:4066: $? = 1
configure: failed program was:
| /* confdefs.h */
| #define PACKAGE_NAME ""
| #define PACKAGE_TARNAME ""
| #define PACKAGE_VERSION ""
| #define PACKAGE_STRING ""
| #define PACKAGE_BUGREPORT ""
| #define PACKAGE_URL ""
| #define STDC_HEADERS 1
| #define HAVE_SYS_TYPES_H 1
| #define HAVE_SYS_STAT_H 1
| #define HAVE_STDLIB_H 1
| #define HAVE_STRING_H 1
| #define HAVE_MEMORY_H 1
| #define HAVE_STRINGS_H 1
| #define HAVE_INTTYPES_H 1
| #define HAVE_STDINT_H 1
| #define HAVE_UNISTD_H 1
| #define HAVE_ALLOCA_H 1
| #define HAVE_ELF_H 1
| #define HAVE_LIBELF_H 1
| #define HAVE_SYS_TYPES_H 1
| #define HAVE_ELF64_GETEHDR 1
| #define HAVE_ELF64_GETSHDR 1
| #define HAVE___UINT32_T_IN_SYS_TYPES_H 1
| #define HAVE___UINT64_T_IN_SYS_TYPES_H 1
| #define HAVE_ZLIB 1
| /* end confdefs.h.  */
| #include <elf.h>
| int
| main ()
| {
|   int p; p = R_IA_64_DIR32LSB;
|   ;
|   return 0;
| }
configure:4084: gcc -c -g -O2  conftest.c >&5
conftest.c: In function 'main':
conftest.c:32:14: error: storage size of 'a' isn't known
  struct _Elf a; int i; i = 0;
              ^
configure:4084: $? = 1
configure: failed program was:
| /* confdefs.h */
| #define PACKAGE_NAME ""
| #define PACKAGE_TARNAME ""
| #define PACKAGE_VERSION ""
| #define PACKAGE_STRING ""
| #define PACKAGE_BUGREPORT ""
| #define PACKAGE_URL ""
| #define STDC_HEADERS 1
| #define HAVE_SYS_TYPES_H 1
| #define HAVE_SYS_STAT_H 1
| #define HAVE_STDLIB_H 1
| #define HAVE_STRING_H 1
| #define HAVE_MEMORY_H 1
| #define HAVE_STRINGS_H 1
| #define HAVE_INTTYPES_H 1
| #define HAVE_STDINT_H 1
| #define HAVE_UNISTD_H 1
| #define HAVE_ALLOCA_H 1
| #define HAVE_ELF_H 1
| #define HAVE_LIBELF_H 1
| #define HAVE_SYS_TYPES_H 1
| #define HAVE_ELF64_GETEHDR 1
| #define HAVE_ELF64_GETSHDR 1
| #define HAVE___UINT32_T_IN_SYS_TYPES_H 1
| #define HAVE___UINT64_T_IN_SYS_TYPES_H 1
| #define HAVE_ZLIB 1
| /* end confdefs.h.  */
| #include <libelf.h>
| int
| main ()
| {
|  struct _Elf a; int i; i = 0;
|   ;
|   return 0;
| }
configure:4104: gcc -c -g -O2  conftest.c >&5
configure:4104: $? = 0
configure:4124: gcc -c -g -O2  conftest.c >&5
configure:4124: $? = 0
configure:4142: gcc -c -g -O2  conftest.c >&5
conftest.c:30:21: fatal error: sgidefs.h: No such file or directory
compilation terminated.
configure:4142: $? = 1
configure: failed program was:
| /* confdefs.h */
| #define PACKAGE_NAME ""
| #define PACKAGE_TARNAME ""
| #define PACKAGE_VERSION ""
| #define PACKAGE_STRING ""
| #define PACKAGE_BUGREPORT ""
| #define PACKAGE_URL ""
| #define STDC_HEADERS 1
| #define HAVE_SYS_TYPES_H 1
| #define HAVE_SYS_STAT_H 1
| #define HAVE_STDLIB_H 1
| #define HAVE_STRING_H 1
| #define HAVE_MEMORY_H 1
| #define HAVE_STRINGS_H 1
| #define HAVE_INTTYPES_H 1
| #define HAVE_STDINT_H 1
| #define HAVE_UNISTD_H 1
| #define HAVE_ALLOCA_H 1
| #define HAVE_ELF_H 1
| #define HAVE_LIBELF_H 1
| #define HAVE_SYS_TYPES_H 1
| #define HAVE_ELF64_GETEHDR 1
| #define HAVE_ELF64_GETSHDR 1
| #define HAVE___UINT32_T_IN_SYS_TYPES_H 1
| #define HAVE___UINT64_T_IN_SYS_TYPES_H 1
| #define HAVE_ZLIB 1
| #define HAVE_RAW_LIBELF_OK 1
| #define HAVE_LIBELF_OFF64_OK 1
| /* end confdefs.h.  */
| #include <sgidefs.h>
| int
| main ()
| {
|   __uint32_t p; p = 27;
|   ;
|   return 0;
| }
configure:4159: gcc -c -g -O2  conftest.c >&5
conftest.c:30:21: fatal error: sgidefs.h: No such file or directory
compilation terminated.
configure:4159: $? = 1
configure: failed program was:
| /* confdefs.h */
| #define PACKAGE_NAME ""
| #define PACKAGE_TARNAME ""
| #define PACKAGE_VERSION ""
| #define PACKAGE_STRING ""
| #define PACKAGE_BUGREPORT ""
| #define PACKAGE_URL ""
| #define STDC_HEADERS 1
| #define HAVE_SYS_TYPES_H 1
| #define HAVE_SYS_STAT_H 1
| #define HAVE_STDLIB_H 1
| #define HAVE_STRING_H 1
| #define HAVE_MEMORY_H 1
| #define HAVE_STRINGS_H 1
| #define HAVE_INTTYPES_H 1
| #define HAVE_STDINT_H 1
| #define HAVE_UNISTD_H 1
| #define HAVE_ALLOCA_H 1
| #define HAVE_ELF_H 1
| #define HAVE_LIBELF_H 1
| #define HAVE_SYS_TYPES_H 1
| #define HAVE_ELF64_GETEHDR 1
| #define HAVE_ELF64_GETSHDR 1
| #define HAVE___UINT32_T_IN_SYS_TYPES_H 1
| #define HAVE___UINT64_T_IN_SYS_TYPES_H 1
| #define HAVE_ZLIB 1
| #define HAVE_RAW_LIBELF_OK 1
| #define HAVE_LIBELF_OFF64_OK 1
| /* end confdefs.h.  */
| #include <sgidefs.h>
| int
| main ()
| {
|   __uint64_t p; p = 27;
|   ;
|   return 0;
| }
configure:4176: gcc -c -g -O2  conftest.c >&5
conftest.c:30:21: fatal error: sgidefs.h: No such file or directory
compilation terminated.
configure:4176: $? = 1
configure: failed program was:
| /* confdefs.h */
| #define PACKAGE_NAME ""
| #define PACKAGE_TARNAME ""
| #define PACKAGE_VERSION ""
| #define PACKAGE_STRING ""
| #define PACKAGE_BUGREPORT ""
| #define PACKAGE_URL ""
| #define STDC_HEADERS 1
| #define HAVE_SYS_TYPES_H 1
| #define HAVE_SYS_STAT_H 1
| #define HAVE_STDLIB_H 1
| #define HAVE_STRING_H 1
| #define HAVE_MEMORY_H 1
| #define HAVE_STRINGS_H 1
| #define HAVE_INTTYPES_H 1
| #define HAVE_STDINT_H 1
| #define HAVE_UNISTD_H 1
| #define HAVE_ALLOCA_H 1
| #define HAVE_ELF_H 1
| #define HAVE_LIBELF_H 1
| #define HAVE_SYS_TYPES_H 1
| #define HAVE_ELF64_GETEHDR 1
| #define HAVE_ELF64_GETSHDR 1
| #define HAVE___UINT32_T_IN_SYS_TYPES_H 1
| #define HAVE___UINT64_T_IN_SYS_TYPES_H 1
| #define HAVE_ZLIB 1
| #define HAVE_RAW_LIBELF_OK 1
| #define HAVE_LIBELF_OFF64_OK 1
| /* end confdefs.h.  */
| #include <sgidefs.h>
| int
| main ()
| {
|   __uint64_t p; p = 27;
|   ;
|   return 0;
| }
configure:4193: gcc -c -g -O2  conftest.c >&5
configure:4193: $? = 0
configure:4210: gcc -c -g -O2  conftest.c >&5
configure:4210: $? = 0
configure:4305: gcc -c -g -O2  conftest.c >&5
conftest.c:32:20: fatal error: stdafx.h: No such file or directory
compilation terminated.
configure:4305: $? = 1
configure: failed program was:
| /* confdefs.h */
| #define PACKAGE_NAME ""
| #define PACKAGE_TARNAME ""
| #define PACKAGE_VERSION ""
| #define PACKAGE_STRING ""
| #define PACKAGE_BUGREPORT ""
| #define PACKAGE_URL ""
| #define STDC_HEADERS 1
| #define HAVE_SYS_TYPES_H 1
| #define HAVE_SYS_STAT_H 1
| #define HAVE_STDLIB_H 1
| #define HAVE_STRING_H 1
| #define HAVE_MEMORY_H 1
| #define HAVE_STRINGS_H 1
| #define HAVE_INTTYPES_H 1
| #define HAVE_STDINT_H 1
| #define HAVE_UNISTD_H 1
| #define HAVE_ALLOCA_H 1
| #define HAVE_ELF_H 1
| #define HAVE_LIBELF_H 1
| #define HAVE_SYS_TYPES_H 1
| #define HAVE_ELF64_GETEHDR 1
| #define HAVE_ELF64_GETSHDR 1
| #define HAVE___UINT32_T_IN_SYS_TYPES_H 1
| #define HAVE___UINT64_T_IN_SYS_TYPES_H 1
| #define HAVE_ZLIB 1
| #define HAVE_RAW_LIBELF_OK 1
| #define HAVE_LIBELF_OFF64_OK 1
| #define HAVE_ELF64_RELA 1
| #define HAVE_ELF64_SYM 1
| /* end confdefs.h.  */
| #include "stdafx.h"
| int
| main ()
| {
|   int p; p = 27;
|   ;
|   return 0;
| }
configure:4449: creating ./config.status

## ---------------------- ##
## Running config.status. ##
## ---------------------- ##

This file was extended by config.status, which was
generated by GNU Autoconf 2.69.  Invocation command line was

  CONFIG_FILES    = 
  CONFIG_HEADERS  = 
  CONFIG_LINKS    = 
  CONFIG_COMMANDS = 
  $ ./config.status 

on TORINLINUX

config.status:823: creating Makefile
config.status:823: creating config.h

## ---------------- ##
## Cache variables. ##
## ---------------- ##

ac_cv_c_bigendian=no
ac_cv_c_compiler_gnu=yes
ac_cv_env_CC_set=
ac_cv_env_CC_value=
ac_cv_env_CFLAGS_set=
ac_cv_env_CFLAGS_value=
ac_cv_env_CPPFLAGS_set=
ac_cv_env_CPPFLAGS_value=
ac_cv_env_CPP_set=
ac_cv_env_CPP_value=
ac_cv_env_LDFLAGS_set=
ac_cv_env_LDFLAGS_value=
ac_cv_env_LIBS_set=
ac_cv_env_LIBS_value=
ac_cv_env_build_alias_set=
ac_cv_env_build_alias_value=
ac_cv_env_host_alias_set=
ac_cv_env_host_alias_value=
ac_cv_env_target_alias_set=
ac_cv_env_target_alias_value=
ac_cv_header_alloca_h=yes
ac_cv_header_elf_h=yes
ac_cv_header_elfaccess_h=no
ac_cv_header_inttypes_h=yes
ac_cv_header_libelf_h=yes
ac_cv_header_libelf_libelf_h=no
ac_cv_header_memory_h=yes
ac_cv_header_stdc=yes
ac_cv_header_stdint_h=yes
ac_cv_header_stdlib_h=yes
ac_cv_header_string_h=yes
ac_cv_header_strings_h=yes
ac_cv_header_sys_ia64_elf_h=no
ac_cv_header_sys_stat_h=yes
ac_cv_header_sys_types_h=yes
ac_cv_header_unistd_h=yes
ac_cv_lib_elf_elf64_getehdr=yes
ac_cv_lib_elf_elf64_getshdr=yes
ac_cv_objext=o
ac_cv_path_EGREP='/usr/bin/grep -E'
ac_cv_path_GREP=/usr/bin/grep
ac_cv_path_install='/usr/bin/install -c'
ac_cv_prog_CPP='gcc -E'
ac_cv_prog_ac_ct_AR=ar
ac_cv_prog_ac_ct_CC=gcc
ac_cv_prog_ac_ct_RANLIB=ranlib
ac_cv_prog_cc_c89=
ac_cv_prog_cc_g=yes
ac_cv_prog_gcc_traditional=no

## ----------------- ##
## Output variables. ##
## ----------------- ##

AR='ar'
CC='gcc'
CFLAGS='-g -O2'
CPP='gcc -E'
CPPFLAGS=''
DEFS='-DHAVE_CONFIG_H'
ECHO_C=''
ECHO_N='-n'
ECHO_T=''
EGREP='/usr/bin/grep -E'
EXEEXT=''
GREP='/usr/bin/grep'
INSTALL_DATA='${INSTALL} -m 644'
INSTALL_PROGRAM='${INSTALL}'
INSTALL_SCRIPT='${INSTALL}'
LDFLAGS=''
LIBOBJS=''
LIBS=''
LTLIBOBJS=''
OBJEXT='o'
PACKAGE_BUGREPORT=''
PACKAGE_NAME=''
PACKAGE_STRING=''
PACKAGE_TARNAME=''
PACKAGE_URL=''
PACKAGE_VERSION=''
PATH_SEPARATOR=':'
RANLIB='ranlib'
SHELL='/bin/sh'
ac_ct_CC='gcc'
bindir='${exec_prefix}/bin'
build_alias=''
build_nonshared='libdwarf.a'
build_shared='none'
datadir='${datarootdir}'
datarootdir='${prefix}/share'
docdir='${datarootdir}/doc/${PACKAGE}'
dvidir='${docdir}'
dwarf_namestable='-s'
dwfpic=''
dwfwall=''
dwfzlib='-lz'
exec_prefix='${prefix}'
host_alias=''
htmldir='${docdir}'
includedir='${prefix}/include'
infodir='${datarootdir}/info'
libdir='${exec_prefix}/lib'
libexecdir='${exec_prefix}/libexec'
localedir='${datarootdir}/locale'
localstatedir='${prefix}/var'
mandir='${datarootdir}/man'
oldincludedir='/usr/include'
pdfdir='${docdir}'
prefix='/usr/local'
program_transform_name='s,x,x,'
psdir='${docdir}'
sbindir='${exec_prefix}/sbin'
sharedstatedir='${prefix}/com'
sysconfdir='${prefix}/etc'
target_alias=''

## ----------- ##
## confdefs.h. ##
## ----------- ##

/* confdefs.h */
#define PACKAGE_NAME ""
#define PACKAGE_TARNAME ""
#define PACKAGE_VERSION ""
#define PACKAGE_STRING ""
#define PACKAGE_BUGREPORT ""
#define PACKAGE_URL ""
#define STDC_HEADERS 1
#define HAVE_SYS_TYPES_H 1
#define HAVE_SYS_STAT_H 1
#define HAVE_STDLIB_H 1
#define HAVE_STRING_H 1
#define HAVE_MEMORY_H 1
#define HAVE_STRINGS_H 1
#define HAVE_INTTYPES_H 1
#define HAVE_STDINT_H 1
#define HAVE_UNISTD_H 1
#define HAVE_ALLOCA_H 1
#define HAVE_ELF_H 1
#define HAVE_LIBELF_H 1
#define HAVE_SYS_TYPES_H 1
#define HAVE_ELF64_GETEHDR 1
#define HAVE_ELF64_GETSHDR 1
#define HAVE___UINT32_T_IN_SYS_TYPES_H 1
#define HAVE___UINT64_T_IN_SYS_TYPES_H 1
#define HAVE_ZLIB 1
#define HAVE_RAW_LIBELF_OK 1
#define HAVE_LIBELF_OFF64_OK 1
#define HAVE_ELF64_RELA 1
#define HAVE_ELF64_SYM 1
#define HAVE_DWARF2_99_EXTENSION 1

configure: exit 0
